r -> (-1, -1)
e -> (-1, -1)
s -> (-1, -1)
u -> (-1, -1)
l -> (-1, -1)
t -> (-1, -1)
( -> (-1, -1)
int -> (-1, -1)
) -> (-1, -1)
= -> (-1, -1)
i -> (-1, -1)
( -> (-1, -1)
int -> (-1, -1)
) -> (-1, -1)
= -> (-1, -1)
cattimp -> (-1, -1)
i -> (-1, -1)
n -> (-1, -1)
d -> (-1, -1)
e -> (-1, -1)
x -> (-1, -1)
< -> (-1, -1)
= -> (-1, -1)
n -> (-1, -1)
{ -> (-1, -1)
read -> (-1, -1)
( -> (-1, -1)
n -> (-1, -1)
u -> (-1, -1)
m -> (-1, -1)
b -> (-1, -1)
e -> (-1, -1)
r -> (-1, -1)
) -> (-1, -1)
r -> (-1, -1)
e -> (-1, -1)
s -> (-1, -1)
u -> (-1, -1)
l -> (-1, -1)
t -> (-1, -1)
= -> (-1, -1)
r -> (-1, -1)
e -> (-1, -1)
s -> (-1, -1)
u -> (-1, -1)
l -> (-1, -1)
t -> (-1, -1)
inmultit -> (-1, -1)
n -> (-1, -1)
u -> (-1, -1)
m -> (-1, -1)
b -> (-1, -1)
e -> (-1, -1)
r -> (-1, -1)
} -> (-1, -1)
print -> (-1, -1)
( -> (-1, -1)
r -> (-1, -1)
e -> (-1, -1)
s -> (-1, -1)
u -> (-1, -1)
l -> (-1, -1)
t -> (-1, -1)
) -> (-1, -1)
