a -> (-1, -1)
( -> (-1, -1)
int -> (-1, -1)
) -> (-1, -1)
, -> (-1, -1)
c -> (-1, -1)
( -> (-1, -1)
int -> (-1, -1)
) -> (-1, -1)
read -> (-1, -1)
( -> (-1, -1)
a -> (-1, -1)
) -> (-1, -1)
read -> (-1, -1)
( -> (-1, -1)
b -> (-1, -1)
) -> (-1, -1)
read -> (-1, -1)
( -> (-1, -1)
c -> (-1, -1)
) -> (-1, -1)
s -> (-1, -1)
u -> (-1, -1)
m -> (-1, -1)
( -> (-1, -1)
int -> (-1, -1)
) -> (-1, -1)
= -> (-1, -1)
a -> (-1, -1)
s -> (-1, -1)
u -> (-1, -1)
m -> (-1, -1)
= -> (-1, -1)
s -> (-1, -1)
u -> (-1, -1)
m -> (-1, -1)
impreunat -> (-1, -1)
b -> (-1, -1)
s -> (-1, -1)
u -> (-1, -1)
m -> (-1, -1)
= -> (-1, -1)
s -> (-1, -1)
u -> (-1, -1)
m -> (-1, -1)
impreunat -> (-1, -1)
c -> (-1, -1)
