a -> (-1, -1)
( -> (-1, -1)
int -> (-1, -1)
) -> (-1, -1)
s -> (-1, -1)
u -> (-1, -1)
m -> (-1, -1)
( -> (-1, -1)
int -> (-1, -1)
) -> (-1, -1)
= -> (-1, -1)
d -> (-1, -1)
i -> (-1, -1)
g -> (-1, -1)
i -> (-1, -1)
t -> (-1, -1)
( -> (-1, -1)
int -> (-1, -1)
) -> (-1, -1)
= -> (-1, -1)
cattimp -> (-1, -1)
a -> (-1, -1)
> -> (-1, -1)
d -> (-1, -1)
i -> (-1, -1)
g -> (-1, -1)
i -> (-1, -1)
t -> (-1, -1)
= -> (-1, -1)
a -> (-1, -1)
ramasita -> (-1, -1)
s -> (-1, -1)
u -> (-1, -1)
m -> (-1, -1)
= -> (-1, -1)
s -> (-1, -1)
u -> (-1, -1)
m -> (-1, -1)
impreunat -> (-1, -1)
a -> (-1, -1)
a -> (-1, -1)
= -> (-1, -1)
a -> (-1, -1)
i -> (-1, -1)
m -> (-1, -1)
p -> (-1, -1)
a -> (-1, -1)
r -> (-1, -1)
t -> (-1, -1)
i -> (-1, -1)
t -> (-1, -1)
a -> (-1, -1)
} -> (-1, -1)
print -> (-1, -1)
( -> (-1, -1)
s -> (-1, -1)
u -> (-1, -1)
m -> (-1, -1)
) -> (-1, -1)
