a -> (-1, -1)
( -> (-1, -1)
int -> (-1, -1)
) -> (-1, -1)
, -> (-1, -1)
b -> (-1, -1)
( -> (-1, -1)
int -> (-1, -1)
) -> (-1, -1)
, -> (-1, -1)
c -> (-1, -1)
( -> (-1, -1)
int -> (-1, -1)
) -> (-1, -1)
read -> (-1, -1)
( -> (-1, -1)
a -> (-1, -1)
) -> (-1, -1)
read -> (-1, -1)
( -> (-1, -1)
b -> (-1, -1)
) -> (-1, -1)
read -> (-1, -1)
( -> (-1, -1)
c -> (-1, -1)
) -> (-1, -1)
s -> (-1, -1)
m -> (-1, -1)
a -> (-1, -1)
l -> (-1, -1)
l -> (-1, -1)
e -> (-1, -1)
s -> (-1, -1)
t -> (-1, -1)
_ -> (-1, -1)
v -> (-1, -1)
a -> (-1, -1)
r -> (-1, -1)
i -> (-1, -1)
a -> (-1, -1)
b -> (-1, -1)
l -> (-1, -1)
e -> (-1, -1)
( -> (-1, -1)
int -> (-1, -1)
) -> (-1, -1)
= -> (-1, -1)
a -> (-1, -1)
daca -> (-1, -1)
s -> (-1, -1)
m -> (-1, -1)
a -> (-1, -1)
l -> (-1, -1)
l -> (-1, -1)
e -> (-1, -1)
s -> (-1, -1)
t -> (-1, -1)
> -> (-1, -1)
b -> (-1, -1)
{ -> (-1, -1)
s -> (-1, -1)
m -> (-1, -1)
a -> (-1, -1)
l -> (-1, -1)
l -> (-1, -1)
e -> (-1, -1)
s -> (-1, -1)
t -> (-1, -1)
= -> (-1, -1)
b -> (-1, -1)
} -> (-1, -1)
incelalaltcaz -> (-1, -1)
s -> (-1, -1)
m -> (-1, -1)
a -> (-1, -1)
l -> (-1, -1)
l -> (-1, -1)
e -> (-1, -1)
s -> (-1, -1)
t -> (-1, -1)
> -> (-1, -1)
c -> (-1, -1)
{ -> (-1, -1)
s -> (-1, -1)
m -> (-1, -1)
a -> (-1, -1)
l -> (-1, -1)
l -> (-1, -1)
e -> (-1, -1)
s -> (-1, -1)
t -> (-1, -1)
= -> (-1, -1)
c -> (-1, -1)
} -> (-1, -1)
print -> (-1, -1)
( -> (-1, -1)
s -> (-1, -1)
m -> (-1, -1)
a -> (-1, -1)
l -> (-1, -1)
l -> (-1, -1)
e -> (-1, -1)
s -> (-1, -1)
t -> (-1, -1)
) -> (-1, -1)
